Determining if the pthread_create exist failed with the following output:
Change Dir: /home/qian/PA-GS02/src/pa_gs02/build/CMakeFiles/CMakeTmp

Run Build Command:"/usr/bin/make" "cmTC_970ef/fast"
/usr/bin/make -f CMakeFiles/cmTC_970ef.dir/build.make CMakeFiles/cmTC_970ef.dir/build
make[1]: Entering directory '/home/qian/PA-GS02/src/pa_gs02/build/CMakeFiles/CMakeTmp'
Building C object CMakeFiles/cmTC_970ef.dir/CheckSymbolExists.c.o
/usr/bin/x86_64-linux-gnu-gcc-7    -o CMakeFiles/cmTC_970ef.dir/CheckSymbolExists.c.o   -c /home/qian/PA-GS02/src/pa_gs02/build/CMakeFiles/CMakeTmp/CheckSymbolExists.c
Linking C executable cmTC_970ef
/usr/bin/cmake -E cmake_link_script CMakeFiles/cmTC_970ef.dir/link.txt --verbose=1
/usr/bin/x86_64-linux-gnu-gcc-7      -rdynamic CMakeFiles/cmTC_970ef.dir/CheckSymbolExists.c.o  -o cmTC_970ef 
CMakeFiles/cmTC_970ef.dir/CheckSymbolExists.c.o: In function `main':
CheckSymbolExists.c:(.text+0x1b): undefined reference to `pthread_create'
collect2: error: ld returned 1 exit status
CMakeFiles/cmTC_970ef.dir/build.make:97: recipe for target 'cmTC_970ef' failed
make[1]: *** [cmTC_970ef] Error 1
make[1]: Leaving directory '/home/qian/PA-GS02/src/pa_gs02/build/CMakeFiles/CMakeTmp'
Makefile:126: recipe for target 'cmTC_970ef/fast' failed
make: *** [cmTC_970ef/fast] Error 2

File /home/qian/PA-GS02/src/pa_gs02/build/CMakeFiles/CMakeTmp/CheckSymbolExists.c:
/* */
#include <pthread.h>

int main(int argc, char** argv)
{
  (void)argv;
#ifndef pthread_create
  return ((int*)(&pthread_create))[argc];
#else
  (void)argc;
  return 0;
#endif
}

Determining if the function pthread_create exists in the pthreads failed with the following output:
Change Dir: /home/qian/PA-GS02/src/pa_gs02/build/CMakeFiles/CMakeTmp

Run Build Command:"/usr/bin/make" "cmTC_5631d/fast"
/usr/bin/make -f CMakeFiles/cmTC_5631d.dir/build.make CMakeFiles/cmTC_5631d.dir/build
make[1]: Entering directory '/home/qian/PA-GS02/src/pa_gs02/build/CMakeFiles/CMakeTmp'
Building C object CMakeFiles/cmTC_5631d.dir/CheckFunctionExists.c.o
/usr/bin/x86_64-linux-gnu-gcc-7   -DCHECK_FUNCTION_EXISTS=pthread_create   -o CMakeFiles/cmTC_5631d.dir/CheckFunctionExists.c.o   -c /usr/share/cmake-3.10/Modules/CheckFunctionExists.c
Linking C executable cmTC_5631d
/usr/bin/cmake -E cmake_link_script CMakeFiles/cmTC_5631d.dir/link.txt --verbose=1
/usr/bin/x86_64-linux-gnu-gcc-7  -DCHECK_FUNCTION_EXISTS=pthread_create    -rdynamic CMakeFiles/cmTC_5631d.dir/CheckFunctionExists.c.o  -o cmTC_5631d -lpthreads 
/usr/bin/ld: cannot find -lpthreads
collect2: error: ld returned 1 exit status
CMakeFiles/cmTC_5631d.dir/build.make:97: recipe for target 'cmTC_5631d' failed
make[1]: *** [cmTC_5631d] Error 1
make[1]: Leaving directory '/home/qian/PA-GS02/src/pa_gs02/build/CMakeFiles/CMakeTmp'
Makefile:126: recipe for target 'cmTC_5631d/fast' failed
make: *** [cmTC_5631d/fast] Error 2


