Determining if the pthread_create exist failed with the following output:
Change Dir: /home/qian/my_lio_sam/src/build/CMakeFiles/CMakeTmp

Run Build Command:"/usr/bin/make" "cmTC_f51c6/fast"
/usr/bin/make -f CMakeFiles/cmTC_f51c6.dir/build.make CMakeFiles/cmTC_f51c6.dir/build
make[1]: Entering directory '/home/qian/my_lio_sam/src/build/CMakeFiles/CMakeTmp'
Building C object CMakeFiles/cmTC_f51c6.dir/CheckSymbolExists.c.o
/usr/bin/x86_64-linux-gnu-gcc-7    -o CMakeFiles/cmTC_f51c6.dir/CheckSymbolExists.c.o   -c /home/qian/my_lio_sam/src/build/CMakeFiles/CMakeTmp/CheckSymbolExists.c
Linking C executable cmTC_f51c6
/usr/bin/cmake -E cmake_link_script CMakeFiles/cmTC_f51c6.dir/link.txt --verbose=1
/usr/bin/x86_64-linux-gnu-gcc-7      -rdynamic CMakeFiles/cmTC_f51c6.dir/CheckSymbolExists.c.o  -o cmTC_f51c6 
CMakeFiles/cmTC_f51c6.dir/CheckSymbolExists.c.o: In function `main':
CheckSymbolExists.c:(.text+0x1b): undefined reference to `pthread_create'
collect2: error: ld returned 1 exit status
CMakeFiles/cmTC_f51c6.dir/build.make:97: recipe for target 'cmTC_f51c6' failed
make[1]: *** [cmTC_f51c6] Error 1
make[1]: Leaving directory '/home/qian/my_lio_sam/src/build/CMakeFiles/CMakeTmp'
Makefile:126: recipe for target 'cmTC_f51c6/fast' failed
make: *** [cmTC_f51c6/fast] Error 2

File /home/qian/my_lio_sam/src/build/CMakeFiles/CMakeTmp/CheckSymbolExists.c:
/* */
#include <pthread.h>

int main(int argc, char** argv)
{
  (void)argv;
#ifndef pthread_create
  return ((int*)(&pthread_create))[argc];
#else
  (void)argc;
  return 0;
#endif
}

Determining if the function pthread_create exists in the pthreads failed with the following output:
Change Dir: /home/qian/my_lio_sam/src/build/CMakeFiles/CMakeTmp

Run Build Command:"/usr/bin/make" "cmTC_e2c37/fast"
/usr/bin/make -f CMakeFiles/cmTC_e2c37.dir/build.make CMakeFiles/cmTC_e2c37.dir/build
make[1]: Entering directory '/home/qian/my_lio_sam/src/build/CMakeFiles/CMakeTmp'
Building C object CMakeFiles/cmTC_e2c37.dir/CheckFunctionExists.c.o
/usr/bin/x86_64-linux-gnu-gcc-7   -DCHECK_FUNCTION_EXISTS=pthread_create   -o CMakeFiles/cmTC_e2c37.dir/CheckFunctionExists.c.o   -c /usr/share/cmake-3.10/Modules/CheckFunctionExists.c
Linking C executable cmTC_e2c37
/usr/bin/cmake -E cmake_link_script CMakeFiles/cmTC_e2c37.dir/link.txt --verbose=1
/usr/bin/x86_64-linux-gnu-gcc-7  -DCHECK_FUNCTION_EXISTS=pthread_create    -rdynamic CMakeFiles/cmTC_e2c37.dir/CheckFunctionExists.c.o  -o cmTC_e2c37 -lpthreads 
/usr/bin/ld: cannot find -lpthreads
collect2: error: ld returned 1 exit status
CMakeFiles/cmTC_e2c37.dir/build.make:97: recipe for target 'cmTC_e2c37' failed
make[1]: *** [cmTC_e2c37] Error 1
make[1]: Leaving directory '/home/qian/my_lio_sam/src/build/CMakeFiles/CMakeTmp'
Makefile:126: recipe for target 'cmTC_e2c37/fast' failed
make: *** [cmTC_e2c37/fast] Error 2


Performing C SOURCE FILE Test CMAKE_HAVE_LIBC_PTHREAD failed with the following output:
Change Dir: /home/qian/my_lio_sam/src/build/CMakeFiles/CMakeTmp

Run Build Command(s):/usr/bin/ninja cmTC_45d67 && [1/2] Building C object CMakeFiles/cmTC_45d67.dir/src.c.o
[2/2] Linking C executable cmTC_45d67
FAILED: cmTC_45d67 
: && /usr/bin/x86_64-linux-gnu-gcc-7  -rdynamic CMakeFiles/cmTC_45d67.dir/src.c.o -o cmTC_45d67   && :
CMakeFiles/cmTC_45d67.dir/src.c.o: In function `main':
src.c:(.text+0x3e): undefined reference to `pthread_create'
src.c:(.text+0x4a): undefined reference to `pthread_detach'
src.c:(.text+0x56): undefined reference to `pthread_cancel'
src.c:(.text+0x67): undefined reference to `pthread_join'
src.c:(.text+0x7b): undefined reference to `pthread_atfork'
collect2: error: ld returned 1 exit status
ninja: build stopped: subcommand failed.


Source file was:
#include <pthread.h>

static void* test_func(void* data)
{
  return data;
}

int main(void)
{
  pthread_t thread;
  pthread_create(&thread, NULL, test_func, NULL);
  pthread_detach(thread);
  pthread_cancel(thread);
  pthread_join(thread, NULL);
  pthread_atfork(NULL, NULL, NULL);
  pthread_exit(NULL);

  return 0;
}

Determining if the function pthread_create exists in the pthreads failed with the following output:
Change Dir: /home/qian/my_lio_sam/src/build/CMakeFiles/CMakeTmp

Run Build Command(s):/usr/bin/ninja cmTC_09b5f && [1/2] Building C object CMakeFiles/cmTC_09b5f.dir/CheckFunctionExists.c.o
[2/2] Linking C executable cmTC_09b5f
FAILED: cmTC_09b5f 
: && /usr/bin/x86_64-linux-gnu-gcc-7 -DCHECK_FUNCTION_EXISTS=pthread_create -rdynamic CMakeFiles/cmTC_09b5f.dir/CheckFunctionExists.c.o -o cmTC_09b5f  -lpthreads && :
/usr/bin/ld: cannot find -lpthreads
collect2: error: ld returned 1 exit status
ninja: build stopped: subcommand failed.



